INFO  | 2017-08-14 16:58:12 | [http-nio-8080-exec-4] command.LoginCommandAction (LoginCommandAction.java:80) - Информационное сообщение
INFO  | 2017-08-15 08:59:51 | [http-nio-8080-exec-1] command.GoHomeAction (GoHomeAction.java:40) - AZAZAZ 
INFO  | 2017-08-15 08:59:53 | [http-nio-8080-exec-2] command.GoHomeAction (GoHomeAction.java:40) - AZAZAZ 
INFO  | 2017-08-15 08:59:53 | [http-nio-8080-exec-3] command.GoHomeAction (GoHomeAction.java:40) - AZAZAZ 
INFO  | 2017-08-15 12:29:43 | [http-nio-8080-exec-2] command.GoHomeAction (GoHomeAction.java:40) - AZAZAZ 
INFO  | 2017-08-15 12:29:45 | [http-nio-8080-exec-1] command.GoHomeAction (GoHomeAction.java:40) - AZAZAZ 
INFO  | 2017-08-15 12:29:45 | [http-nio-8080-exec-3] command.GoHomeAction (GoHomeAction.java:40) - AZAZAZ 
INFO  | 2017-08-15 12:32:06 | [http-nio-8080-exec-4] command.LoginCommandAction (LoginCommandAction.java:65) - null has been logged-in
INFO  | 2017-08-15 12:32:44 | [http-nio-8080-exec-10] command.LoginCommandAction (LoginCommandAction.java:65) - null has been logged-in
INFO  | 2017-08-15 12:33:28 | [http-nio-8080-exec-2] command.LoginCommandAction (LoginCommandAction.java:65) - null has been logged-in
INFO  | 2017-08-15 12:34:56 | [http-nio-8080-exec-2] command.GoHomeAction (GoHomeAction.java:40) - AZAZAZ 
INFO  | 2017-08-15 12:34:57 | [http-nio-8080-exec-1] command.GoHomeAction (GoHomeAction.java:40) - AZAZAZ 
INFO  | 2017-08-15 12:34:58 | [http-nio-8080-exec-4] command.GoHomeAction (GoHomeAction.java:40) - AZAZAZ 
INFO  | 2017-08-15 12:35:15 | [http-nio-8080-exec-3] command.LoginCommandAction (LoginCommandAction.java:65) - ANTON has been logged-in
INFO  | 2017-08-15 13:07:47 | [http-nio-8080-exec-1] command.GoHomeAction (GoHomeAction.java:40) - AZAZAZ 
INFO  | 2017-08-15 13:07:48 | [http-nio-8080-exec-2] command.GoHomeAction (GoHomeAction.java:40) - AZAZAZ 
INFO  | 2017-08-15 13:07:49 | [http-nio-8080-exec-5] command.GoHomeAction (GoHomeAction.java:40) - AZAZAZ 
INFO  | 2017-08-15 13:10:41 | [http-nio-8080-exec-1] command.GoHomeAction (GoHomeAction.java:40) - AZAZAZ 
INFO  | 2017-08-15 13:10:43 | [http-nio-8080-exec-2] command.GoHomeAction (GoHomeAction.java:40) - AZAZAZ 
INFO  | 2017-08-15 13:10:43 | [http-nio-8080-exec-4] command.GoHomeAction (GoHomeAction.java:40) - AZAZAZ 
INFO  | 2017-08-15 13:13:01 | [http-nio-8080-exec-2] command.GoHomeAction (GoHomeAction.java:40) - AZAZAZ 
INFO  | 2017-08-15 13:13:03 | [http-nio-8080-exec-1] command.GoHomeAction (GoHomeAction.java:40) - AZAZAZ 
INFO  | 2017-08-15 13:13:03 | [http-nio-8080-exec-3] command.GoHomeAction (GoHomeAction.java:40) - AZAZAZ 
INFO  | 2017-08-15 13:17:54 | [http-nio-8080-exec-2] command.GoHomeAction (GoHomeAction.java:40) - AZAZAZ 
INFO  | 2017-08-15 13:17:56 | [http-nio-8080-exec-3] command.GoHomeAction (GoHomeAction.java:40) - AZAZAZ 
INFO  | 2017-08-15 13:17:56 | [http-nio-8080-exec-1] command.GoHomeAction (GoHomeAction.java:40) - AZAZAZ 
INFO  | 2017-08-15 13:19:55 | [http-nio-8080-exec-1] command.GoHomeAction (GoHomeAction.java:40) - AZAZAZ 
INFO  | 2017-08-15 13:19:56 | [http-nio-8080-exec-2] command.GoHomeAction (GoHomeAction.java:40) - AZAZAZ 
INFO  | 2017-08-15 13:19:56 | [http-nio-8080-exec-3] command.GoHomeAction (GoHomeAction.java:40) - AZAZAZ 
INFO  | 2017-08-15 13:24:03 | [http-nio-8080-exec-1] command.GoHomeAction (GoHomeAction.java:40) - AZAZAZ 
INFO  | 2017-08-15 13:24:04 | [http-nio-8080-exec-2] command.GoHomeAction (GoHomeAction.java:40) - AZAZAZ 
INFO  | 2017-08-15 13:24:05 | [http-nio-8080-exec-3] command.GoHomeAction (GoHomeAction.java:40) - AZAZAZ 
INFO  | 2017-08-17 10:50:31 | [http-nio-8080-exec-1] command.GoHomeAction (GoHomeAction.java:40) - AZAZAZ 
INFO  | 2017-08-17 10:50:32 | [http-nio-8080-exec-2] command.GoHomeAction (GoHomeAction.java:40) - AZAZAZ 
INFO  | 2017-08-17 10:50:32 | [http-nio-8080-exec-4] command.GoHomeAction (GoHomeAction.java:40) - AZAZAZ 
INFO  | 2017-08-17 10:52:04 | [http-nio-8080-exec-2] command.GoHomeAction (GoHomeAction.java:40) - AZAZAZ 
INFO  | 2017-08-17 10:52:06 | [http-nio-8080-exec-1] command.GoHomeAction (GoHomeAction.java:40) - AZAZAZ 
INFO  | 2017-08-17 10:52:06 | [http-nio-8080-exec-3] command.GoHomeAction (GoHomeAction.java:40) - AZAZAZ 
INFO  | 2017-08-17 10:54:36 | [http-nio-8080-exec-1] command.GoHomeAction (GoHomeAction.java:40) - AZAZAZ 
INFO  | 2017-08-17 10:54:38 | [http-nio-8080-exec-2] command.GoHomeAction (GoHomeAction.java:40) - AZAZAZ 
INFO  | 2017-08-17 10:54:38 | [http-nio-8080-exec-4] command.GoHomeAction (GoHomeAction.java:40) - AZAZAZ 
INFO  | 2017-08-17 11:00:10 | [http-nio-8080-exec-4] command.LoginCommandAction (LoginCommandAction.java:65) - ANTON has been logged-in
INFO  | 2017-08-17 11:04:15 | [http-nio-8080-exec-2] command.GoHomeAction (GoHomeAction.java:40) - AZAZAZ 
INFO  | 2017-08-17 11:04:17 | [http-nio-8080-exec-1] command.GoHomeAction (GoHomeAction.java:40) - AZAZAZ 
INFO  | 2017-08-17 11:04:17 | [http-nio-8080-exec-4] command.GoHomeAction (GoHomeAction.java:40) - AZAZAZ 
INFO  | 2017-08-17 11:04:20 | [http-nio-8080-exec-3] command.GoHomeAction (GoHomeAction.java:40) - AZAZAZ 
INFO  | 2017-08-17 11:04:30 | [http-nio-8080-exec-2] command.LoginCommandAction (LoginCommandAction.java:65) - ANTON has been logged-in
INFO  | 2017-08-17 11:07:04 | [http-nio-8080-exec-9] user.BuyTicketAction (BuyTicketAction.java:52) - Passenger 12 was created
INFO  | 2017-08-17 11:07:04 | [http-nio-8080-exec-9] user.BuyTicketAction (BuyTicketAction.java:56) - Ticket was purchased!
INFO  | 2017-08-17 11:08:16 | [http-nio-8080-exec-8] command.ChangeLanguageAction (ChangeLanguageAction.java:59) - Language was switched on en_EN
INFO  | 2017-08-17 11:08:22 | [http-nio-8080-exec-4] command.ChangeLanguageAction (ChangeLanguageAction.java:59) - Language was switched on en_EN
INFO  | 2017-08-17 11:09:21 | [http-nio-8080-exec-1] command.GoHomeAction (GoHomeAction.java:40) - AZAZAZ 
INFO  | 2017-08-17 11:09:23 | [http-nio-8080-exec-2] command.GoHomeAction (GoHomeAction.java:40) - AZAZAZ 
INFO  | 2017-08-17 11:09:23 | [http-nio-8080-exec-3] command.GoHomeAction (GoHomeAction.java:40) - AZAZAZ 
INFO  | 2017-08-17 11:10:16 | [http-nio-8080-exec-5] command.LoginCommandAction (LoginCommandAction.java:65) - Paul has been logged-in
INFO  | 2017-08-17 11:15:53 | [http-nio-8080-exec-1] command.GoHomeAction (GoHomeAction.java:40) - AZAZAZ 
INFO  | 2017-08-17 11:15:55 | [http-nio-8080-exec-3] command.GoHomeAction (GoHomeAction.java:40) - AZAZAZ 
INFO  | 2017-08-17 11:15:55 | [http-nio-8080-exec-2] command.GoHomeAction (GoHomeAction.java:40) - AZAZAZ 
INFO  | 2017-08-17 11:16:18 | [http-nio-8080-exec-8] command.LoginCommandAction (LoginCommandAction.java:65) - Paul has been logged-in
INFO  | 2017-08-17 11:31:03 | [http-nio-8080-exec-2] command.GoHomeAction (GoHomeAction.java:40) - AZAZAZ 
INFO  | 2017-08-17 11:31:05 | [http-nio-8080-exec-1] command.GoHomeAction (GoHomeAction.java:40) - AZAZAZ 
INFO  | 2017-08-17 11:31:05 | [http-nio-8080-exec-3] command.GoHomeAction (GoHomeAction.java:40) - AZAZAZ 
INFO  | 2017-08-17 11:31:50 | [http-nio-8080-exec-9] command.LoginCommandAction (LoginCommandAction.java:65) - Paul has been logged-in
INFO  | 2017-08-17 11:41:22 | [http-nio-8080-exec-1] command.GoHomeAction (GoHomeAction.java:40) - AZAZAZ 
INFO  | 2017-08-17 11:41:24 | [http-nio-8080-exec-2] command.GoHomeAction (GoHomeAction.java:40) - AZAZAZ 
INFO  | 2017-08-17 11:41:24 | [http-nio-8080-exec-4] command.GoHomeAction (GoHomeAction.java:40) - AZAZAZ 
INFO  | 2017-08-17 11:41:51 | [http-nio-8080-exec-8] command.LoginCommandAction (LoginCommandAction.java:65) - Paul has been logged-in
INFO  | 2017-08-17 11:42:40 | [http-nio-8080-exec-2] command.LogoutCommandAction (LogoutCommandAction.java:22) - Paul has been logged-out
INFO  | 2017-08-17 11:42:40 | [http-nio-8080-exec-2] command.GoHomeAction (GoHomeAction.java:40) - AZAZAZ 
INFO  | 2017-08-17 11:43:08 | [http-nio-8080-exec-7] command.LoginCommandAction (LoginCommandAction.java:65) - Paul has been logged-in
INFO  | 2017-08-17 14:32:54 | [http-nio-8080-exec-1] command.GoHomeAction (GoHomeAction.java:40) - AZAZAZ 
INFO  | 2017-08-17 14:34:07 | [http-nio-8080-exec-2] command.GoHomeAction (GoHomeAction.java:40) - AZAZAZ 
INFO  | 2017-08-17 14:34:08 | [http-nio-8080-exec-3] command.GoHomeAction (GoHomeAction.java:40) - AZAZAZ 
INFO  | 2017-08-17 14:35:38 | [http-nio-8080-exec-6] command.LoginCommandAction (LoginCommandAction.java:65) - Paul has been logged-in
INFO  | 2017-08-17 14:41:23 | [http-nio-8080-exec-1] command.GoHomeAction (GoHomeAction.java:40) - AZAZAZ 
INFO  | 2017-08-17 14:42:45 | [http-nio-8080-exec-2] command.GoHomeAction (GoHomeAction.java:40) - AZAZAZ 
INFO  | 2017-08-17 14:42:46 | [http-nio-8080-exec-3] command.GoHomeAction (GoHomeAction.java:40) - AZAZAZ 
INFO  | 2017-08-17 14:42:53 | [http-nio-8080-exec-4] command.LoginCommandAction (LoginCommandAction.java:65) - Paul has been logged-in
INFO  | 2017-08-17 14:51:25 | [http-nio-8080-exec-1] command.GoHomeAction (GoHomeAction.java:40) - AZAZAZ 
INFO  | 2017-08-17 14:52:41 | [http-nio-8080-exec-2] command.GoHomeAction (GoHomeAction.java:40) - AZAZAZ 
INFO  | 2017-08-17 14:52:41 | [http-nio-8080-exec-3] command.GoHomeAction (GoHomeAction.java:40) - AZAZAZ 
INFO  | 2017-08-17 14:53:09 | [http-nio-8080-exec-9] command.LoginCommandAction (LoginCommandAction.java:65) - Paul has been logged-in
INFO  | 2017-08-17 15:01:35 | [http-nio-8080-exec-2] command.GoHomeAction (GoHomeAction.java:40) - AZAZAZ 
INFO  | 2017-08-17 15:03:00 | [http-nio-8080-exec-3] command.GoHomeAction (GoHomeAction.java:40) - AZAZAZ 
INFO  | 2017-08-17 15:03:01 | [http-nio-8080-exec-1] command.GoHomeAction (GoHomeAction.java:40) - AZAZAZ 
INFO  | 2017-08-17 15:03:08 | [http-nio-8080-exec-4] command.LoginCommandAction (LoginCommandAction.java:65) - Paul has been logged-in
INFO  | 2017-08-17 15:35:18 | [http-nio-8080-exec-1] command.GoHomeAction (GoHomeAction.java:40) - AZAZAZ 
INFO  | 2017-08-17 15:35:19 | [http-nio-8080-exec-2] command.GoHomeAction (GoHomeAction.java:40) - AZAZAZ 
INFO  | 2017-08-17 15:35:22 | [http-nio-8080-exec-4] command.GoHomeAction (GoHomeAction.java:40) - AZAZAZ 
INFO  | 2017-08-17 15:35:30 | [http-nio-8080-exec-5] command.LoginCommandAction (LoginCommandAction.java:65) - Paul has been logged-in
INFO  | 2017-08-17 16:26:22 | [http-nio-8080-exec-2] command.GoHomeAction (GoHomeAction.java:40) - AZAZAZ 
INFO  | 2017-08-17 16:26:23 | [http-nio-8080-exec-1] command.GoHomeAction (GoHomeAction.java:40) - AZAZAZ 
INFO  | 2017-08-17 16:26:24 | [http-nio-8080-exec-5] command.GoHomeAction (GoHomeAction.java:40) - AZAZAZ 
INFO  | 2017-08-17 16:27:29 | [http-nio-8080-exec-5] command.LoginCommandAction (LoginCommandAction.java:65) - Paul has been logged-in
INFO  | 2017-08-17 16:42:41 | [http-nio-8080-exec-2] command.GoHomeAction (GoHomeAction.java:40) - AZAZAZ 
INFO  | 2017-08-17 16:43:28 | [http-nio-8080-exec-1] command.GoHomeAction (GoHomeAction.java:40) - AZAZAZ 
INFO  | 2017-08-17 16:47:50 | [http-nio-8080-exec-2] command.GoHomeAction (GoHomeAction.java:40) - AZAZAZ 
INFO  | 2017-08-17 16:47:52 | [http-nio-8080-exec-1] command.GoHomeAction (GoHomeAction.java:40) - AZAZAZ 
INFO  | 2017-08-17 16:47:52 | [http-nio-8080-exec-3] command.GoHomeAction (GoHomeAction.java:40) - AZAZAZ 
INFO  | 2017-08-17 16:47:59 | [http-nio-8080-exec-4] command.LoginCommandAction (LoginCommandAction.java:65) - Paul has been logged-in
INFO  | 2017-08-17 16:49:52 | [http-nio-8080-exec-8] admin.ChangeFlightAction (ChangeFlightAction.java:56) - Flight #4 has been changed
INFO  | 2017-08-18 13:01:20 | [http-nio-8080-exec-1] command.GoHomeAction (GoHomeAction.java:40) - AZAZAZ 
INFO  | 2017-08-18 13:01:23 | [http-nio-8080-exec-2] command.GoHomeAction (GoHomeAction.java:40) - AZAZAZ 
INFO  | 2017-08-18 13:01:23 | [http-nio-8080-exec-4] command.GoHomeAction (GoHomeAction.java:40) - AZAZAZ 
INFO  | 2017-08-18 13:01:28 | [http-nio-8080-exec-10] command.LoginCommandAction (LoginCommandAction.java:65) - Paul has been logged-in
INFO  | 2017-08-18 14:14:38 | [http-nio-8080-exec-3] command.GoHomeAction (GoHomeAction.java:40) - AZAZAZ 
INFO  | 2017-08-18 14:14:40 | [http-nio-8080-exec-2] command.GoHomeAction (GoHomeAction.java:40) - AZAZAZ 
INFO  | 2017-08-18 14:14:40 | [http-nio-8080-exec-1] command.GoHomeAction (GoHomeAction.java:40) - AZAZAZ 
INFO  | 2017-08-18 14:15:11 | [http-nio-8080-exec-9] command.LoginCommandAction (LoginCommandAction.java:65) - Paul has been logged-in
INFO  | 2017-08-18 14:19:18 | [http-nio-8080-exec-2] command.GoHomeAction (GoHomeAction.java:40) - AZAZAZ 
INFO  | 2017-08-18 14:19:19 | [http-nio-8080-exec-1] command.GoHomeAction (GoHomeAction.java:40) - AZAZAZ 
INFO  | 2017-08-18 14:19:20 | [http-nio-8080-exec-3] command.GoHomeAction (GoHomeAction.java:40) - AZAZAZ 
INFO  | 2017-08-18 14:19:25 | [http-nio-8080-exec-5] command.LoginCommandAction (LoginCommandAction.java:65) - Paul has been logged-in
INFO  | 2017-08-18 14:31:53 | [http-nio-8080-exec-1] command.GoHomeAction (GoHomeAction.java:40) - AZAZAZ 
INFO  | 2017-08-18 14:31:55 | [http-nio-8080-exec-2] command.GoHomeAction (GoHomeAction.java:40) - AZAZAZ 
INFO  | 2017-08-18 14:31:55 | [http-nio-8080-exec-3] command.GoHomeAction (GoHomeAction.java:40) - AZAZAZ 
INFO  | 2017-08-18 14:32:02 | [http-nio-8080-exec-4] command.LoginCommandAction (LoginCommandAction.java:65) - Paul has been logged-in
INFO  | 2017-08-18 14:55:15 | [http-nio-8080-exec-1] command.GoHomeAction (GoHomeAction.java:40) - AZAZAZ 
INFO  | 2017-08-18 14:55:17 | [http-nio-8080-exec-2] command.GoHomeAction (GoHomeAction.java:40) - AZAZAZ 
INFO  | 2017-08-18 14:55:17 | [http-nio-8080-exec-3] command.GoHomeAction (GoHomeAction.java:40) - AZAZAZ 
INFO  | 2017-08-18 14:55:24 | [http-nio-8080-exec-4] command.LoginCommandAction (LoginCommandAction.java:65) - Paul has been logged-in
INFO  | 2017-08-18 15:24:04 | [http-nio-8080-exec-1] command.GoHomeAction (GoHomeAction.java:40) - AZAZAZ 
INFO  | 2017-08-18 15:24:06 | [http-nio-8080-exec-1] command.GoHomeAction (GoHomeAction.java:40) - AZAZAZ 
INFO  | 2017-08-18 15:24:06 | [http-nio-8080-exec-4] command.GoHomeAction (GoHomeAction.java:40) - AZAZAZ 
INFO  | 2017-08-18 15:24:56 | [http-nio-8080-exec-2] command.LoginCommandAction (LoginCommandAction.java:65) - Paul has been logged-in
INFO  | 2017-08-18 15:33:31 | [http-nio-8080-exec-1] command.GoHomeAction (GoHomeAction.java:40) - AZAZAZ 
INFO  | 2017-08-18 15:33:33 | [http-nio-8080-exec-2] command.GoHomeAction (GoHomeAction.java:40) - AZAZAZ 
INFO  | 2017-08-18 15:33:34 | [http-nio-8080-exec-5] command.GoHomeAction (GoHomeAction.java:40) - AZAZAZ 
INFO  | 2017-08-18 15:33:46 | [http-nio-8080-exec-4] command.LoginCommandAction (LoginCommandAction.java:65) - Paul has been logged-in
INFO  | 2017-08-18 15:35:56 | [http-nio-8080-exec-1] command.GoHomeAction (GoHomeAction.java:40) - AZAZAZ 
INFO  | 2017-08-18 15:35:58 | [http-nio-8080-exec-2] command.GoHomeAction (GoHomeAction.java:40) - AZAZAZ 
INFO  | 2017-08-18 15:35:58 | [http-nio-8080-exec-3] command.GoHomeAction (GoHomeAction.java:40) - AZAZAZ 
INFO  | 2017-08-18 15:36:05 | [http-nio-8080-exec-4] command.LoginCommandAction (LoginCommandAction.java:65) - Paul has been logged-in
INFO  | 2017-08-18 15:37:44 | [http-nio-8080-exec-2] command.GoHomeAction (GoHomeAction.java:40) - AZAZAZ 
INFO  | 2017-08-18 15:37:46 | [http-nio-8080-exec-1] command.GoHomeAction (GoHomeAction.java:40) - AZAZAZ 
INFO  | 2017-08-18 15:37:46 | [http-nio-8080-exec-3] command.GoHomeAction (GoHomeAction.java:40) - AZAZAZ 
INFO  | 2017-08-18 15:37:51 | [http-nio-8080-exec-5] command.LoginCommandAction (LoginCommandAction.java:65) - Paul has been logged-in
INFO  | 2017-08-18 15:38:19 | [http-nio-8080-exec-1] admin.ChangeFlightAction (ChangeFlightAction.java:57) - Flight #4 has been changed
